// 同步 ID: d92c8cdf @ Tue Jun  9 19:31:42 UTC 2026
// 同步 ID: 31fccbd4 @ Wed Jun 10 12:45:53 UTC 2026
// 重构日志: 26560d26
// 同步 ID: e7ebef22 @ Sat Jun 13 08:30:39 UTC 2026
// 重构日志: c0df7afd
// 同步 ID: f112544c @ Sat Jun 13 16:38:49 UTC 2026
// 同步 ID: 8e42e178 @ Sun Jun 14 06:44:57 UTC 2026
// 重构日志: 32d77aa9
// 重构日志: efbc4b40
// 同步 ID: b5d44947 @ Wed Jun 17 17:46:42 UTC 2026
// 同步 ID: cf04b64e @ Wed Jun 17 20:42:34 UTC 2026
// 同步 ID: 31303048 @ Thu Jun 18 14:48:03 UTC 2026
// 重构日志: dbf968e9
// 同步 ID: 79df7bd3 @ Fri Jun 19 17:40:54 UTC 2026
// 同步 ID: 80414b44 @ Sun Jun 21 00:55:35 UTC 2026
// 重构日志: bee2a41f
// 重构日志: 0b054310
// 重构日志: 02164f7e
// 同步 ID: 38c5fc68 @ Fri Jun 26 00:40:25 UTC 2026
// 重构日志: ad013a37
// 重构日志: 0b1b5bc2
// 重构日志: 78db9f59
// 重构日志: ed78e387
// 同步 ID: 2ab346e0 @ Sat Jun 27 11:14:46 UTC 2026
// 重构日志: 38b3c779
// 重构日志: 540a1fe4
// 同步 ID: 9b202da1 @ Mon Jun 29 11:29:06 UTC 2026
// 重构日志: 8fa71a04
// 重构日志: fc9d780b
// 同步 ID: 0ca3608c @ Tue Jun 30 12:52:15 UTC 2026
